<?xml version="1.0" encoding="UTF-8"?>
<testng-results ignored="0" total="1" passed="1" failed="0" skipped="0">
  <reporter-output>
  </reporter-output>
  <suite started-at="2022-12-07T14:57:06 IST" name="Default suite" finished-at="2022-12-07T14:57:48 IST" duration-ms="41945">
    <groups>
    </groups>
    <test started-at="2022-12-07T14:57:06 IST" name="Default test" finished-at="2022-12-07T14:57:48 IST" duration-ms="41945">
      <class name="LoginTest.ToVerifyHomePageTest">
        <test-method is-config="true" signature="bsConfig()[pri:0, instance:LoginTest.ToVerifyHomePageTest@505fc5a4]" started-at="2022-12-07T14:57:06 IST" name="bsConfig" finished-at="2022-12-07T14:57:06 IST" duration-ms="8" status="PASS">
          <reporter-output>
          </reporter-output>
        </test-method> <!-- bsConfig -->
        <test-method is-config="true" signature="bcConfig()[pri:0, instance:LoginTest.ToVerifyHomePageTest@505fc5a4]" started-at="2022-12-07T14:57:06 IST" name="bcConfig" finished-at="2022-12-07T14:57:39 IST" duration-ms="32706" status="PASS">
          <reporter-output>
          </reporter-output>
        </test-method> <!-- bcConfig -->
        <test-method is-config="true" signature="bmConfig()[pri:0, instance:LoginTest.ToVerifyHomePageTest@505fc5a4]" started-at="2022-12-07T14:57:39 IST" name="bmConfig" finished-at="2022-12-07T14:57:39 IST" duration-ms="348" status="PASS">
          <reporter-output>
          </reporter-output>
        </test-method> <!-- bmConfig -->
        <test-method signature="toVerifyHomePageTest()[pri:0, instance:LoginTest.ToVerifyHomePageTest@505fc5a4]" started-at="2022-12-07T14:57:39 IST" name="toVerifyHomePageTest" finished-at="2022-12-07T14:57:45 IST" duration-ms="6201" status="PASS">
          <reporter-output>
          </reporter-output>
        </test-method> <!-- toVerifyHomePageTest -->
        <test-method is-config="true" signature="amConfig()[pri:0, instance:LoginTest.ToVerifyHomePageTest@505fc5a4]" started-at="2022-12-07T14:57:45 IST" name="amConfig" finished-at="2022-12-07T14:57:47 IST" duration-ms="2215" status="PASS">
          <reporter-output>
          </reporter-output>
        </test-method> <!-- amConfig -->
        <test-method is-config="true" signature="acConfig()[pri:0, instance:LoginTest.ToVerifyHomePageTest@505fc5a4]" started-at="2022-12-07T14:57:47 IST" name="acConfig" finished-at="2022-12-07T14:57:48 IST" duration-ms="433" status="PASS">
          <reporter-output>
          </reporter-output>
        </test-method> <!-- acConfig -->
        <test-method is-config="true" signature="asConfig()[pri:0, instance:LoginTest.ToVerifyHomePageTest@505fc5a4]" started-at="2022-12-07T14:57:48 IST" name="asConfig" finished-at="2022-12-07T14:57:48 IST" duration-ms="0" status="PASS">
          <reporter-output>
          </reporter-output>
        </test-method> <!-- asConfig -->
      </class> <!-- LoginTest.ToVerifyHomePageTest -->
    </test> <!-- Default test -->
  </suite> <!-- Default suite -->
</testng-results>
